Using pre-set license
Built from '2020.3/staging' branch; Version is '2020.3.11f1 (99c7afb366b3) revision 10078127'; Using compiler version '192528614'; Build Type 'Release'
OS: 'Windows 10 Home; OS build 19045.2251; Version 2009; 64bit' Language: 'en' Physical Memory: 32716 MB
BatchMode: 1, IsHumanControllingUs: 0, StartBugReporterOnCrash: 0, Is64bit: 1, IsPro: 0

 COMMAND LINE ARGUMENTS:
C:\Program Files\Unity\Hub\Editor\2020.3.11f1\Editor\Unity.exe
-adb2
-batchMode
-noUpm
-name
AssetImportWorker0
-projectPath
C:/Users/krish/Downloads/Flappy Bird
-logFile
Logs/AssetImportWorker0.log
-srvPort
58372
Successfully changed project path to: C:/Users/krish/Downloads/Flappy Bird
C:/Users/krish/Downloads/Flappy Bird
Using Asset Import Pipeline V2.
Refreshing native plugins compatible for Editor in 45.01 ms, found 3 plugins.
Preloading 0 native plugins for Editor in 0.00 ms.
Initialize engine version: 2020.3.11f1 (99c7afb366b3)
[Subsystems] Discovering subsystems at path C:/Program Files/Unity/Hub/Editor/2020.3.11f1/Editor/Data/Resources/UnitySubsystems
[Subsystems] Discovering subsystems at path C:/Users/krish/Downloads/Flappy Bird/Assets
GfxDevice: creating device client; threaded=0
Direct3D:
    Version:  Direct3D 11.0 [level 11.1]
    Renderer: NVIDIA GeForce RTX 2060 (ID=0x1f08)
    Vendor:   
    VRAM:     5980 MB
    Driver:   31.0.15.1694
Initialize mono
Mono path[0] = 'C:/Program Files/Unity/Hub/Editor/2020.3.11f1/Editor/Data/Managed'
Mono path[1] = 'C:/Program Files/Unity/Hub/Editor/2020.3.11f1/Editor/Data/MonoBleedingEdge/lib/mono/unityjit'
Mono config path = 'C:/Program Files/Unity/Hub/Editor/2020.3.11f1/Editor/Data/MonoBleedingEdge/etc'
Using monoOptions --debugger-agent=transport=dt_socket,embedding=1,server=y,suspend=n,address=127.0.0.1:56720
Begin MonoManager ReloadAssembly
Registering precompiled unity dll's ...
Register platform support module: C:/Program Files/Unity/Hub/Editor/2020.3.11f1/Editor/Data/PlaybackEngines/WebGLSupport/UnityEditor.WebGL.Extensions.dll
Register platform support module: C:/Program Files/Unity/Hub/Editor/2020.3.11f1/Editor/Data/PlaybackEngines/MacStandaloneSupport/UnityEditor.OSXStandalone.Extensions.dll
Register platform support module: C:/Program Files/Unity/Hub/Editor/2020.3.11f1/Editor/Data/PlaybackEngines/WindowsStandaloneSupport/UnityEditor.WindowsStandalone.Extensions.dll
Registered in 0.003262 seconds.
Native extension for WindowsStandalone target not found
Native extension for OSXStandalone target not found
Native extension for WebGL target not found
Refreshing native plugins compatible for Editor in 44.38 ms, found 3 plugins.
Preloading 0 native plugins for Editor in 0.00 ms.
Mono: successfully reloaded assembly
- Completed reload, in  2.053 seconds
Platform modules already initialized, skipping
Registering precompiled user dll's ...
Registered in 0.004831 seconds.
Begin MonoManager ReloadAssembly
Native extension for WindowsStandalone target not found
Native extension for OSXStandalone target not found
Native extension for WebGL target not found
Refreshing native plugins compatible for Editor in 46.72 ms, found 3 plugins.
Preloading 0 native plugins for Editor in 0.00 ms.
Mono: successfully reloaded assembly
- Completed reload, in  1.144 seconds
Platform modules already initialized, skipping
========================================================================
Worker process is ready to serve import requests
Launched and connected shader compiler UnityShaderCompiler.exe after 0.04 seconds
Refreshing native plugins compatible for Editor in 0.55 ms, found 3 plugins.
Preloading 0 native plugins for Editor in 0.00 ms.
Unloading 2085 Unused Serialized files (Serialized files now loaded: 0)
System memory in use before: 93.1 MB.
System memory in use after: 93.1 MB.

Unloading 33 unused Assets to reduce memory usage. Loaded Objects now: 2521.
Total: 2.435200 ms (FindLiveObjects: 0.258900 ms CreateObjectMapping: 0.052800 ms MarkObjects: 1.982400 ms  DeleteObjects: 0.139600 ms)

========================================================================
Received Import Request.
  path: Assets/Prefabs/Pipes.prefab
  artifactKey: Guid(3496f582dd4b4584e8237112fcbe39ce) Importer(815301076,1909f56bfc062723c751e8b465ee728b)
Start importing Assets/Prefabs/Pipes.prefab using Guid(3496f582dd4b4584e8237112fcbe39ce) Importer(815301076,1909f56bfc062723c751e8b465ee728b)  -> (artifact id: '513438a4ee17383cb8a9c9a7189230a6') in 0.091598 seconds
  Import took 0.095193 seconds .

========================================================================
Received Import Request.
  Time since last request: 0.000221 seconds.
  path: Assets/Materials/Background.mat
  artifactKey: Guid(a91477d118529a5499db41b033c57813) Importer(815301076,1909f56bfc062723c751e8b465ee728b)
Start importing Assets/Materials/Background.mat using Guid(a91477d118529a5499db41b033c57813) Importer(815301076,1909f56bfc062723c751e8b465ee728b)  -> (artifact id: '47d7ae08753125f715f590d5bfcc3c1d') in 0.029080 seconds
  Import took 0.032198 seconds .

========================================================================
Received Import Request.
  Time since last request: 0.000174 seconds.
  path: Assets/Materials/Ground.mat
  artifactKey: Guid(a01416984b3e67342b386cdaf67be8dc) Importer(815301076,1909f56bfc062723c751e8b465ee728b)
Start importing Assets/Materials/Ground.mat using Guid(a01416984b3e67342b386cdaf67be8dc) Importer(815301076,1909f56bfc062723c751e8b465ee728b)  -> (artifact id: 'ca55fccc91a229ef8db318cb80dbb487') in 0.011770 seconds
  Import took 0.014904 seconds .

========================================================================
Received Prepare
Refreshing native plugins compatible for Editor in 4.58 ms, found 3 plugins.
Preloading 0 native plugins for Editor in 0.00 ms.
Unloading 19 Unused Serialized files (Serialized files now loaded: 0)
System memory in use before: 55.6 MB.
System memory in use after: 55.6 MB.

Unloading 19 unused Assets to reduce memory usage. Loaded Objects now: 2561.
Total: 2.745500 ms (FindLiveObjects: 0.236700 ms CreateObjectMapping: 0.049200 ms MarkObjects: 2.351900 ms  DeleteObjects: 0.106600 ms)

========================================================================
Received Prepare
Registering precompiled user dll's ...
Registered in 0.004840 seconds.
Begin MonoManager ReloadAssembly
Native extension for WindowsStandalone target not found
Native extension for OSXStandalone target not found
Native extension for WebGL target not found
Refreshing native plugins compatible for Editor in 0.58 ms, found 3 plugins.
Preloading 0 native plugins for Editor in 0.00 ms.
Mono: successfully reloaded assembly
- Completed reload, in  1.026 seconds
Platform modules already initialized, skipping
Refreshing native plugins compatible for Editor in 0.58 ms, found 3 plugins.
Preloading 0 native plugins for Editor in 0.00 ms.
Unloading 2080 Unused Serialized files (Serialized files now loaded: 0)
System memory in use before: 96.3 MB.
System memory in use after: 96.2 MB.

Unloading 21 unused Assets to reduce memory usage. Loaded Objects now: 2565.
Total: 2.328800 ms (FindLiveObjects: 0.237700 ms CreateObjectMapping: 0.050400 ms MarkObjects: 1.924900 ms  DeleteObjects: 0.114700 ms)

========================================================================
Received Prepare
Registering precompiled user dll's ...
Registered in 0.004971 seconds.
Begin MonoManager ReloadAssembly
Native extension for WindowsStandalone target not found
Native extension for OSXStandalone target not found
Native extension for WebGL target not found
Refreshing native plugins compatible for Editor in 0.59 ms, found 3 plugins.
Preloading 0 native plugins for Editor in 0.00 ms.
Mono: successfully reloaded assembly
- Completed reload, in  1.034 seconds
Platform modules already initialized, skipping
Refreshing native plugins compatible for Editor in 0.58 ms, found 3 plugins.
Preloading 0 native plugins for Editor in 0.00 ms.
Unloading 2080 Unused Serialized files (Serialized files now loaded: 0)
System memory in use before: 96.3 MB.
System memory in use after: 96.3 MB.

Unloading 21 unused Assets to reduce memory usage. Loaded Objects now: 2569.
Total: 2.595800 ms (FindLiveObjects: 0.323500 ms CreateObjectMapping: 0.098800 ms MarkObjects: 2.049300 ms  DeleteObjects: 0.122800 ms)

========================================================================
Received Import Request.
  Time since last request: 381.077826 seconds.
  path: Assets/Scripts/Spawner.cs
  artifactKey: Guid(d19ef282b91ce6e4f8926896d8f0297b) Importer(815301076,1909f56bfc062723c751e8b465ee728b)
Start importing Assets/Scripts/Spawner.cs using Guid(d19ef282b91ce6e4f8926896d8f0297b) Importer(815301076,1909f56bfc062723c751e8b465ee728b)  -> (artifact id: '08725472d6cacef95d3f018baa759bf3') in 0.014045 seconds
  Import took 0.018045 seconds .

========================================================================
Received Prepare
Registering precompiled user dll's ...
Registered in 0.005069 seconds.
Begin MonoManager ReloadAssembly
Native extension for WindowsStandalone target not found
Native extension for OSXStandalone target not found
Native extension for WebGL target not found
Refreshing native plugins compatible for Editor in 0.61 ms, found 3 plugins.
Preloading 0 native plugins for Editor in 0.00 ms.
Mono: successfully reloaded assembly
- Completed reload, in  0.995 seconds
Platform modules already initialized, skipping
Refreshing native plugins compatible for Editor in 0.59 ms, found 3 plugins.
Preloading 0 native plugins for Editor in 0.00 ms.
Unloading 2080 Unused Serialized files (Serialized files now loaded: 0)
System memory in use before: 96.3 MB.
System memory in use after: 96.3 MB.

Unloading 21 unused Assets to reduce memory usage. Loaded Objects now: 2573.
Total: 2.335200 ms (FindLiveObjects: 0.240700 ms CreateObjectMapping: 0.050800 ms MarkObjects: 1.922800 ms  DeleteObjects: 0.119700 ms)

AssetImportWorkerClient::OnTransportError - code=2 error=End of file
